INFO - 2023-08-28 16:10:20 --> Session: Class initialized using 'CodeIgniter\Session\Handlers\FileHandler' driver.
INFO - 2023-08-28 16:10:20 --> Session: Class initialized using 'CodeIgniter\Session\Handlers\FileHandler' driver.
INFO - 2023-08-28 16:10:20 --> Session: Class initialized using 'CodeIgniter\Session\Handlers\FileHandler' driver.
INFO - 2023-08-28 16:10:22 --> Session: Class initialized using 'CodeIgniter\Session\Handlers\FileHandler' driver.
INFO - 2023-08-28 16:10:27 --> Session: Class initialized using 'CodeIgniter\Session\Handlers\FileHandler' driver.
INFO - 2023-08-28 16:10:28 --> Session: Class initialized using 'CodeIgniter\Session\Handlers\FileHandler' driver.
INFO - 2023-08-28 16:10:28 --> Session: Class initialized using 'CodeIgniter\Session\Handlers\FileHandler' driver.
INFO - 2023-08-28 16:10:28 --> Session: Class initialized using 'CodeIgniter\Session\Handlers\FileHandler' driver.
INFO - 2023-08-28 17:17:45 --> Session: Class initialized using 'CodeIgniter\Session\Handlers\FileHandler' driver.
CRITICAL - 2023-08-28 17:17:45 --> Too few arguments to function App\Controllers\Student::classroom(), 0 passed in C:\IA\ia-samuel\www\vendor\codeigniter4\framework\system\CodeIgniter.php on line 934 and exactly 1 expected
in APPPATH\Controllers\Student.php on line 12.
 1 SYSTEMPATH\CodeIgniter.php(934): App\Controllers\Student->classroom()
 2 SYSTEMPATH\CodeIgniter.php(499): CodeIgniter\CodeIgniter->runController(Object(App\Controllers\Student))
 3 SYSTEMPATH\CodeIgniter.php(368): CodeIgniter\CodeIgniter->handleRequest(null, Object(Config\Cache), false)
 4 FCPATH\index.php(67): CodeIgniter\CodeIgniter->run()
INFO - 2023-08-28 22:50:03 --> Session: Class initialized using 'CodeIgniter\Session\Handlers\FileHandler' driver.
INFO - 2023-08-28 22:50:03 --> Session: Class initialized using 'CodeIgniter\Session\Handlers\FileHandler' driver.
INFO - 2023-08-28 22:50:04 --> Session: Class initialized using 'CodeIgniter\Session\Handlers\FileHandler' driver.
INFO - 2023-08-28 22:50:05 --> Session: Class initialized using 'CodeIgniter\Session\Handlers\FileHandler' driver.
INFO - 2023-08-28 22:50:06 --> Session: Class initialized using 'CodeIgniter\Session\Handlers\FileHandler' driver.
INFO - 2023-08-28 22:50:06 --> Session: Class initialized using 'CodeIgniter\Session\Handlers\FileHandler' driver.
INFO - 2023-08-28 22:50:06 --> Session: Class initialized using 'CodeIgniter\Session\Handlers\FileHandler' driver.
INFO - 2023-08-28 22:50:07 --> Session: Class initialized using 'CodeIgniter\Session\Handlers\FileHandler' driver.
INFO - 2023-08-28 23:12:24 --> Session: Class initialized using 'CodeIgniter\Session\Handlers\FileHandler' driver.
CRITICAL - 2023-08-28 23:12:24 --> Undefined array key "classID_1"
in APPPATH\Views\Layouts\default.php on line 1765.
 1 APPPATH\Views\Layouts\default.php(1765): CodeIgniter\Debug\Exceptions->errorHandler(2, 'Undefined array key "classID_1"', 'APPPATH\\Views\\Layouts\\default.php', 1765)
 2 SYSTEMPATH\View\View.php(213): include('APPPATH\\Views\\Layouts\\default.php')
 3 SYSTEMPATH\View\View.php(216): CodeIgniter\View\View->CodeIgniter\View\{closure}()
 4 SYSTEMPATH\View\View.php(229): CodeIgniter\View\View->render('layouts/default', [], true)
 5 SYSTEMPATH\Common.php(1184): CodeIgniter\View\View->render('Student/dashboard', [], true)
 6 APPPATH\Controllers\Student.php(15): view('Student/dashboard', [...])
 7 SYSTEMPATH\CodeIgniter.php(934): App\Controllers\Student->index()
 8 SYSTEMPATH\CodeIgniter.php(499): CodeIgniter\CodeIgniter->runController(Object(App\Controllers\Student))
 9 SYSTEMPATH\CodeIgniter.php(368): CodeIgniter\CodeIgniter->handleRequest(null, Object(Config\Cache), false)
10 FCPATH\index.php(67): CodeIgniter\CodeIgniter->run()
INFO - 2023-08-28 23:12:44 --> Session: Class initialized using 'CodeIgniter\Session\Handlers\FileHandler' driver.
CRITICAL - 2023-08-28 23:12:44 --> Array to string conversion
in APPPATH\Views\Layouts\default.php on line 1765.
 1 APPPATH\Views\Layouts\default.php(1765): CodeIgniter\Debug\Exceptions->errorHandler(2, 'Array to string conversion', 'APPPATH\\Views\\Layouts\\default.php', 1765)
 2 SYSTEMPATH\View\View.php(213): include('APPPATH\\Views\\Layouts\\default.php')
 3 SYSTEMPATH\View\View.php(216): CodeIgniter\View\View->CodeIgniter\View\{closure}()
 4 SYSTEMPATH\View\View.php(229): CodeIgniter\View\View->render('layouts/default', [], true)
 5 SYSTEMPATH\Common.php(1184): CodeIgniter\View\View->render('Student/dashboard', [], true)
 6 APPPATH\Controllers\Student.php(15): view('Student/dashboard', [...])
 7 SYSTEMPATH\CodeIgniter.php(934): App\Controllers\Student->index()
 8 SYSTEMPATH\CodeIgniter.php(499): CodeIgniter\CodeIgniter->runController(Object(App\Controllers\Student))
 9 SYSTEMPATH\CodeIgniter.php(368): CodeIgniter\CodeIgniter->handleRequest(null, Object(Config\Cache), false)
10 FCPATH\index.php(67): CodeIgniter\CodeIgniter->run()
INFO - 2023-08-28 23:12:44 --> Session: Class initialized using 'CodeIgniter\Session\Handlers\FileHandler' driver.
CRITICAL - 2023-08-28 23:12:44 --> Array to string conversion
in APPPATH\Views\Layouts\default.php on line 1765.
 1 APPPATH\Views\Layouts\default.php(1765): CodeIgniter\Debug\Exceptions->errorHandler(2, 'Array to string conversion', 'APPPATH\\Views\\Layouts\\default.php', 1765)
 2 SYSTEMPATH\View\View.php(213): include('APPPATH\\Views\\Layouts\\default.php')
 3 SYSTEMPATH\View\View.php(216): CodeIgniter\View\View->CodeIgniter\View\{closure}()
 4 SYSTEMPATH\View\View.php(229): CodeIgniter\View\View->render('layouts/default', [], true)
 5 SYSTEMPATH\Common.php(1184): CodeIgniter\View\View->render('Student/dashboard', [], true)
 6 APPPATH\Controllers\Student.php(15): view('Student/dashboard', [...])
 7 SYSTEMPATH\CodeIgniter.php(934): App\Controllers\Student->index()
 8 SYSTEMPATH\CodeIgniter.php(499): CodeIgniter\CodeIgniter->runController(Object(App\Controllers\Student))
 9 SYSTEMPATH\CodeIgniter.php(368): CodeIgniter\CodeIgniter->handleRequest(null, Object(Config\Cache), false)
10 FCPATH\index.php(67): CodeIgniter\CodeIgniter->run()
INFO - 2023-08-28 23:12:45 --> Session: Class initialized using 'CodeIgniter\Session\Handlers\FileHandler' driver.
CRITICAL - 2023-08-28 23:12:45 --> Array to string conversion
in APPPATH\Views\Layouts\default.php on line 1765.
 1 APPPATH\Views\Layouts\default.php(1765): CodeIgniter\Debug\Exceptions->errorHandler(2, 'Array to string conversion', 'APPPATH\\Views\\Layouts\\default.php', 1765)
 2 SYSTEMPATH\View\View.php(213): include('APPPATH\\Views\\Layouts\\default.php')
 3 SYSTEMPATH\View\View.php(216): CodeIgniter\View\View->CodeIgniter\View\{closure}()
 4 SYSTEMPATH\View\View.php(229): CodeIgniter\View\View->render('layouts/default', [], true)
 5 SYSTEMPATH\Common.php(1184): CodeIgniter\View\View->render('Student/dashboard', [], true)
 6 APPPATH\Controllers\Student.php(15): view('Student/dashboard', [...])
 7 SYSTEMPATH\CodeIgniter.php(934): App\Controllers\Student->index()
 8 SYSTEMPATH\CodeIgniter.php(499): CodeIgniter\CodeIgniter->runController(Object(App\Controllers\Student))
 9 SYSTEMPATH\CodeIgniter.php(368): CodeIgniter\CodeIgniter->handleRequest(null, Object(Config\Cache), false)
10 FCPATH\index.php(67): CodeIgniter\CodeIgniter->run()
INFO - 2023-08-28 23:13:59 --> Session: Class initialized using 'CodeIgniter\Session\Handlers\FileHandler' driver.
CRITICAL - 2023-08-28 23:13:59 --> Undefined array key "classID_1"
in APPPATH\Views\Layouts\default.php on line 1765.
 1 APPPATH\Views\Layouts\default.php(1765): CodeIgniter\Debug\Exceptions->errorHandler(2, 'Undefined array key "classID_1"', 'APPPATH\\Views\\Layouts\\default.php', 1765)
 2 SYSTEMPATH\View\View.php(213): include('APPPATH\\Views\\Layouts\\default.php')
 3 SYSTEMPATH\View\View.php(216): CodeIgniter\View\View->CodeIgniter\View\{closure}()
 4 SYSTEMPATH\View\View.php(229): CodeIgniter\View\View->render('layouts/default', [], true)
 5 SYSTEMPATH\Common.php(1184): CodeIgniter\View\View->render('Student/dashboard', [], true)
 6 APPPATH\Controllers\Student.php(15): view('Student/dashboard', [...])
 7 SYSTEMPATH\CodeIgniter.php(934): App\Controllers\Student->index()
 8 SYSTEMPATH\CodeIgniter.php(499): CodeIgniter\CodeIgniter->runController(Object(App\Controllers\Student))
 9 SYSTEMPATH\CodeIgniter.php(368): CodeIgniter\CodeIgniter->handleRequest(null, Object(Config\Cache), false)
10 FCPATH\index.php(67): CodeIgniter\CodeIgniter->run()
INFO - 2023-08-28 23:13:59 --> Session: Class initialized using 'CodeIgniter\Session\Handlers\FileHandler' driver.
CRITICAL - 2023-08-28 23:14:00 --> Undefined array key "classID_1"
in APPPATH\Views\Layouts\default.php on line 1765.
 1 APPPATH\Views\Layouts\default.php(1765): CodeIgniter\Debug\Exceptions->errorHandler(2, 'Undefined array key "classID_1"', 'APPPATH\\Views\\Layouts\\default.php', 1765)
 2 SYSTEMPATH\View\View.php(213): include('APPPATH\\Views\\Layouts\\default.php')
 3 SYSTEMPATH\View\View.php(216): CodeIgniter\View\View->CodeIgniter\View\{closure}()
 4 SYSTEMPATH\View\View.php(229): CodeIgniter\View\View->render('layouts/default', [], true)
 5 SYSTEMPATH\Common.php(1184): CodeIgniter\View\View->render('Student/dashboard', [], true)
 6 APPPATH\Controllers\Student.php(15): view('Student/dashboard', [...])
 7 SYSTEMPATH\CodeIgniter.php(934): App\Controllers\Student->index()
 8 SYSTEMPATH\CodeIgniter.php(499): CodeIgniter\CodeIgniter->runController(Object(App\Controllers\Student))
 9 SYSTEMPATH\CodeIgniter.php(368): CodeIgniter\CodeIgniter->handleRequest(null, Object(Config\Cache), false)
10 FCPATH\index.php(67): CodeIgniter\CodeIgniter->run()
INFO - 2023-08-28 23:17:25 --> Session: Class initialized using 'CodeIgniter\Session\Handlers\FileHandler' driver.
CRITICAL - 2023-08-28 23:17:25 --> Undefined array key "id"
in APPPATH\Views\Layouts\default.php on line 1766.
 1 APPPATH\Views\Layouts\default.php(1766): CodeIgniter\Debug\Exceptions->errorHandler(2, 'Undefined array key "id"', 'APPPATH\\Views\\Layouts\\default.php', 1766)
 2 SYSTEMPATH\View\View.php(213): include('APPPATH\\Views\\Layouts\\default.php')
 3 SYSTEMPATH\View\View.php(216): CodeIgniter\View\View->CodeIgniter\View\{closure}()
 4 SYSTEMPATH\View\View.php(229): CodeIgniter\View\View->render('layouts/default', [], true)
 5 SYSTEMPATH\Common.php(1184): CodeIgniter\View\View->render('Student/dashboard', [], true)
 6 APPPATH\Controllers\Student.php(15): view('Student/dashboard', [...])
 7 SYSTEMPATH\CodeIgniter.php(934): App\Controllers\Student->index()
 8 SYSTEMPATH\CodeIgniter.php(499): CodeIgniter\CodeIgniter->runController(Object(App\Controllers\Student))
 9 SYSTEMPATH\CodeIgniter.php(368): CodeIgniter\CodeIgniter->handleRequest(null, Object(Config\Cache), false)
10 FCPATH\index.php(67): CodeIgniter\CodeIgniter->run()
INFO - 2023-08-28 23:17:26 --> Session: Class initialized using 'CodeIgniter\Session\Handlers\FileHandler' driver.
CRITICAL - 2023-08-28 23:17:26 --> Undefined array key "id"
in APPPATH\Views\Layouts\default.php on line 1766.
 1 APPPATH\Views\Layouts\default.php(1766): CodeIgniter\Debug\Exceptions->errorHandler(2, 'Undefined array key "id"', 'APPPATH\\Views\\Layouts\\default.php', 1766)
 2 SYSTEMPATH\View\View.php(213): include('APPPATH\\Views\\Layouts\\default.php')
 3 SYSTEMPATH\View\View.php(216): CodeIgniter\View\View->CodeIgniter\View\{closure}()
 4 SYSTEMPATH\View\View.php(229): CodeIgniter\View\View->render('layouts/default', [], true)
 5 SYSTEMPATH\Common.php(1184): CodeIgniter\View\View->render('Student/dashboard', [], true)
 6 APPPATH\Controllers\Student.php(15): view('Student/dashboard', [...])
 7 SYSTEMPATH\CodeIgniter.php(934): App\Controllers\Student->index()
 8 SYSTEMPATH\CodeIgniter.php(499): CodeIgniter\CodeIgniter->runController(Object(App\Controllers\Student))
 9 SYSTEMPATH\CodeIgniter.php(368): CodeIgniter\CodeIgniter->handleRequest(null, Object(Config\Cache), false)
10 FCPATH\index.php(67): CodeIgniter\CodeIgniter->run()
INFO - 2023-08-28 23:24:15 --> Session: Class initialized using 'CodeIgniter\Session\Handlers\FileHandler' driver.
INFO - 2023-08-28 23:24:16 --> Session: Class initialized using 'CodeIgniter\Session\Handlers\FileHandler' driver.
INFO - 2023-08-28 23:24:20 --> Session: Class initialized using 'CodeIgniter\Session\Handlers\FileHandler' driver.
INFO - 2023-08-28 23:24:20 --> Session: Class initialized using 'CodeIgniter\Session\Handlers\FileHandler' driver.
INFO - 2023-08-28 23:24:25 --> Session: Class initialized using 'CodeIgniter\Session\Handlers\FileHandler' driver.
INFO - 2023-08-28 23:24:26 --> Session: Class initialized using 'CodeIgniter\Session\Handlers\FileHandler' driver.
INFO - 2023-08-28 23:32:48 --> Session: Class initialized using 'CodeIgniter\Session\Handlers\FileHandler' driver.
CRITICAL - 2023-08-28 23:32:48 --> Undefined variable $request
in APPPATH\Controllers\Student.php on line 10.
 1 APPPATH\Controllers\Student.php(10): CodeIgniter\Debug\Exceptions->errorHandler(2, 'Undefined variable $request', 'APPPATH\\Controllers\\Student.php', 10)
 2 SYSTEMPATH\CodeIgniter.php(934): App\Controllers\Student->index()
 3 SYSTEMPATH\CodeIgniter.php(499): CodeIgniter\CodeIgniter->runController(Object(App\Controllers\Student))
 4 SYSTEMPATH\CodeIgniter.php(368): CodeIgniter\CodeIgniter->handleRequest(null, Object(Config\Cache), false)
 5 FCPATH\index.php(67): CodeIgniter\CodeIgniter->run()
INFO - 2023-08-28 23:32:55 --> Session: Class initialized using 'CodeIgniter\Session\Handlers\FileHandler' driver.
CRITICAL - 2023-08-28 23:32:55 --> Undefined variable $request
in APPPATH\Controllers\Student.php on line 10.
 1 APPPATH\Controllers\Student.php(10): CodeIgniter\Debug\Exceptions->errorHandler(2, 'Undefined variable $request', 'APPPATH\\Controllers\\Student.php', 10)
 2 SYSTEMPATH\CodeIgniter.php(934): App\Controllers\Student->index()
 3 SYSTEMPATH\CodeIgniter.php(499): CodeIgniter\CodeIgniter->runController(Object(App\Controllers\Student))
 4 SYSTEMPATH\CodeIgniter.php(368): CodeIgniter\CodeIgniter->handleRequest(null, Object(Config\Cache), false)
 5 FCPATH\index.php(67): CodeIgniter\CodeIgniter->run()
INFO - 2023-08-28 23:33:47 --> Session: Class initialized using 'CodeIgniter\Session\Handlers\FileHandler' driver.
CRITICAL - 2023-08-28 23:33:47 --> Call to undefined method CodeIgniter\HTTP\IncomingRequest::getSession()
in APPPATH\Controllers\Student.php on line 10.
 1 SYSTEMPATH\CodeIgniter.php(934): App\Controllers\Student->index()
 2 SYSTEMPATH\CodeIgniter.php(499): CodeIgniter\CodeIgniter->runController(Object(App\Controllers\Student))
 3 SYSTEMPATH\CodeIgniter.php(368): CodeIgniter\CodeIgniter->handleRequest(null, Object(Config\Cache), false)
 4 FCPATH\index.php(67): CodeIgniter\CodeIgniter->run()
INFO - 2023-08-28 23:35:09 --> Session: Class initialized using 'CodeIgniter\Session\Handlers\FileHandler' driver.
INFO - 2023-08-28 23:35:10 --> Session: Class initialized using 'CodeIgniter\Session\Handlers\FileHandler' driver.
INFO - 2023-08-28 23:36:30 --> Session: Class initialized using 'CodeIgniter\Session\Handlers\FileHandler' driver.
INFO - 2023-08-28 23:36:31 --> Session: Class initialized using 'CodeIgniter\Session\Handlers\FileHandler' driver.
INFO - 2023-08-28 23:38:21 --> Session: Class initialized using 'CodeIgniter\Session\Handlers\FileHandler' driver.
INFO - 2023-08-28 23:38:22 --> Session: Class initialized using 'CodeIgniter\Session\Handlers\FileHandler' driver.
INFO - 2023-08-28 23:38:35 --> Session: Class initialized using 'CodeIgniter\Session\Handlers\FileHandler' driver.
INFO - 2023-08-28 23:38:35 --> Session: Class initialized using 'CodeIgniter\Session\Handlers\FileHandler' driver.
INFO - 2023-08-28 23:46:04 --> Session: Class initialized using 'CodeIgniter\Session\Handlers\FileHandler' driver.
CRITICAL - 2023-08-28 23:46:04 --> Undefined variable $classroom
in APPPATH\Views\Layouts\default.php on line 1752.
 1 APPPATH\Views\Layouts\default.php(1752): CodeIgniter\Debug\Exceptions->errorHandler(2, 'Undefined variable $classroom', 'APPPATH\\Views\\Layouts\\default.php', 1752)
 2 SYSTEMPATH\View\View.php(213): include('APPPATH\\Views\\Layouts\\default.php')
 3 SYSTEMPATH\View\View.php(216): CodeIgniter\View\View->CodeIgniter\View\{closure}()
 4 SYSTEMPATH\View\View.php(229): CodeIgniter\View\View->render('layouts/default', [], true)
 5 SYSTEMPATH\Common.php(1184): CodeIgniter\View\View->render('Student/dashboard', [], true)
 6 APPPATH\Controllers\Student.php(26): view('Student/dashboard', [...])
 7 SYSTEMPATH\CodeIgniter.php(934): App\Controllers\Student->index()
 8 SYSTEMPATH\CodeIgniter.php(499): CodeIgniter\CodeIgniter->runController(Object(App\Controllers\Student))
 9 SYSTEMPATH\CodeIgniter.php(368): CodeIgniter\CodeIgniter->handleRequest(null, Object(Config\Cache), false)
10 FCPATH\index.php(67): CodeIgniter\CodeIgniter->run()
INFO - 2023-08-28 23:46:25 --> Session: Class initialized using 'CodeIgniter\Session\Handlers\FileHandler' driver.
INFO - 2023-08-28 23:46:25 --> Session: Class initialized using 'CodeIgniter\Session\Handlers\FileHandler' driver.
INFO - 2023-08-28 23:47:27 --> Session: Class initialized using 'CodeIgniter\Session\Handlers\FileHandler' driver.
INFO - 2023-08-28 23:47:28 --> Session: Class initialized using 'CodeIgniter\Session\Handlers\FileHandler' driver.
INFO - 2023-08-28 23:48:52 --> Session: Class initialized using 'CodeIgniter\Session\Handlers\FileHandler' driver.
INFO - 2023-08-28 23:48:53 --> Session: Class initialized using 'CodeIgniter\Session\Handlers\FileHandler' driver.
